2006.10.30 18:24 B J:\haras\images\absoluto_capa.gif --> www.versite.com.br /httpdocs/haras/images absoluto_capa.gif
2006.10.30 18:24 B J:\haras\images\bg.jpg --> www.versite.com.br /httpdocs/haras/images bg.jpg
2006.10.30 18:24 B J:\haras\images\bg_cavalo.gif --> www.versite.com.br /httpdocs/haras/images bg_cavalo.gif
2006.10.30 18:24 B J:\haras\images\bg_cavalos.gif --> www.versite.com.br /httpdocs/haras/images bg_cavalos.gif
2006.10.30 18:24 B J:\haras\images\bg_cavalos.jpg --> www.versite.com.br /httpdocs/haras/images bg_cavalos.jpg
2006.10.30 18:24 B J:\haras\images\bg_int.gif --> www.versite.com.br /httpdocs/haras/images bg_int.gif
2006.10.30 18:24 B J:\haras\images\bg_int.jpg --> www.versite.com.br /httpdocs/haras/images bg_int.jpg
2006.10.30 18:24 B J:\haras\images\cavalo.gif --> www.versite.com.br /httpdocs/haras/images cavalo.gif
2006.10.30 18:24 B J:\haras\images\close.gif --> www.versite.com.br /httpdocs/haras/images close.gif
2006.10.30 18:24 B J:\haras\images\ft_capa1.jpg --> www.versite.com.br /httpdocs/haras/images ft_capa1.jpg
2006.10.30 18:24 B J:\haras\images\ft_capa2.jpg --> www.versite.com.br /httpdocs/haras/images ft_capa2.jpg
2006.10.30 18:24 B J:\haras\images\home_topo.gif --> www.versite.com.br /httpdocs/haras/images home_topo.gif
2006.10.30 18:24 B J:\haras\images\infra_estrutura.gif --> www.versite.com.br /httpdocs/haras/images infra_estrutura.gif
2006.10.30 18:24 B J:\haras\images\linha_ft.gif --> www.versite.com.br /httpdocs/haras/images linha_ft.gif
2006.10.30 18:24 B J:\haras\images\linha_menu.gif --> www.versite.com.br /httpdocs/haras/images linha_menu.gif
2006.10.30 18:24 B J:\haras\images\loading.gif --> www.versite.com.br /httpdocs/haras/images loading.gif
2006.10.30 18:24 B J:\haras\images\novidades.jpg --> www.versite.com.br /httpdocs/haras/images novidades.jpg
2006.10.30 18:24 B J:\haras\images\overlay.png --> www.versite.com.br /httpdocs/haras/images overlay.png
2006.10.30 18:24 B J:\haras\images\programa_seletivo.gif --> www.versite.com.br /httpdocs/haras/images programa_seletivo.gif
2006.10.30 18:24 B J:\haras\images\shim.gif --> www.versite.com.br /httpdocs/haras/images shim.gif
2006.10.30 18:25 B J:\haras\images\Thumbs.db --> www.versite.com.br /httpdocs/haras/images Thumbs.db
2006.10.30 18:25 B J:\haras\images\tit_como_chegar.gif --> www.versite.com.br /httpdocs/haras/images tit_como_chegar.gif
2006.10.30 18:25 B J:\haras\images\tit_doadores.gif --> www.versite.com.br /httpdocs/haras/images tit_doadores.gif
2006.10.30 18:25 B J:\haras\images\tit_expositores.gif --> www.versite.com.br /httpdocs/haras/images tit_expositores.gif
2006.10.30 18:25 B J:\haras\images\tit_fale_conosco.gif --> www.versite.com.br /httpdocs/haras/images tit_fale_conosco.gif
2006.10.30 18:25 B J:\haras\images\tit_matrizes.gif --> www.versite.com.br /httpdocs/haras/images tit_matrizes.gif
2006.10.30 18:25 B J:\haras\images\tit_o_haras.gif --> www.versite.com.br /httpdocs/haras/images tit_o_haras.gif
2006.10.30 18:25 B J:\haras\images\tit_patroas.gif --> www.versite.com.br /httpdocs/haras/images tit_patroas.gif
2006.10.30 18:25 B J:\haras\images\tit_programa.gif --> www.versite.com.br /httpdocs/haras/images tit_programa.gif
2006.10.30 18:25 B J:\haras\images\tit_reprodutor.gif --> www.versite.com.br /httpdocs/haras/images tit_reprodutor.gif
2006.10.30 18:25 B J:\haras\images\versite.jpg --> www.versite.com.br /httpdocs/haras/images versite.jpg
2006.11.01 16:38 B j:\haras\images\absoluto_capa.gif --> www.versite.com.br /httpdocs/haras/images absoluto_capa.gif
2006.11.01 16:38 B j:\haras\images\bg.jpg --> www.versite.com.br /httpdocs/haras/images bg.jpg
2006.11.01 16:38 B j:\haras\images\bg_cavalo.gif --> www.versite.com.br /httpdocs/haras/images bg_cavalo.gif
2006.11.01 16:38 B j:\haras\images\bg_cavalos.gif --> www.versite.com.br /httpdocs/haras/images bg_cavalos.gif
2006.11.01 16:38 B j:\haras\images\bg_cavalos.jpg --> www.versite.com.br /httpdocs/haras/images bg_cavalos.jpg
2006.11.01 16:39 B j:\haras\images\bg_int.gif --> www.versite.com.br /httpdocs/haras/images bg_int.gif
2006.11.01 16:39 B j:\haras\images\bg_int.jpg --> www.versite.com.br /httpdocs/haras/images bg_int.jpg
2006.11.01 16:39 B j:\haras\images\cavalo.gif --> www.versite.com.br /httpdocs/haras/images cavalo.gif
2006.11.01 16:39 B j:\haras\images\close.gif --> www.versite.com.br /httpdocs/haras/images close.gif
2006.11.01 16:39 B j:\haras\images\comochegar.jpg --> www.versite.com.br /httpdocs/haras/images comochegar.jpg
2006.11.01 16:39 B j:\haras\images\comochegar_gr.jpg --> www.versite.com.br /httpdocs/haras/images comochegar_gr.jpg
2006.11.01 16:39 B j:\haras\images\ft_capa1.jpg --> www.versite.com.br /httpdocs/haras/images ft_capa1.jpg
2006.11.01 16:39 B j:\haras\images\ft_capa2.jpg --> www.versite.com.br /httpdocs/haras/images ft_capa2.jpg
2006.11.01 16:39 B j:\haras\images\home_topo.gif --> www.versite.com.br /httpdocs/haras/images home_topo.gif
2006.11.01 16:39 B j:\haras\images\infra_estrutura.gif --> www.versite.com.br /httpdocs/haras/images infra_estrutura.gif
2006.11.01 16:39 B j:\haras\images\linha_ft.gif --> www.versite.com.br /httpdocs/haras/images linha_ft.gif
2006.11.01 16:39 B j:\haras\images\linha_menu.gif --> www.versite.com.br /httpdocs/haras/images linha_menu.gif
2006.11.01 16:39 B j:\haras\images\loading.gif --> www.versite.com.br /httpdocs/haras/images loading.gif
2006.11.01 16:39 B j:\haras\images\novidades.jpg --> www.versite.com.br /httpdocs/haras/images novidades.jpg
2006.11.01 16:39 B j:\haras\images\oharas.gif --> www.versite.com.br /httpdocs/haras/images oharas.gif
2006.11.01 16:39 B j:\haras\images\overlay.png --> www.versite.com.br /httpdocs/haras/images overlay.png
2006.11.01 16:39 B j:\haras\images\programa_seletivo.gif --> www.versite.com.br /httpdocs/haras/images programa_seletivo.gif
2006.11.01 16:39 B j:\haras\images\programaseletivo.gif --> www.versite.com.br /httpdocs/haras/images programaseletivo.gif
2006.11.01 16:39 B j:\haras\images\shim.gif --> www.versite.com.br /httpdocs/haras/images shim.gif
2006.11.01 16:39 B j:\haras\images\Thumbs.db --> www.versite.com.br /httpdocs/haras/images Thumbs.db
2006.11.01 16:39 B j:\haras\images\tit_como_chegar.gif --> www.versite.com.br /httpdocs/haras/images tit_como_chegar.gif
2006.11.01 16:39 B j:\haras\images\tit_doadores.gif --> www.versite.com.br /httpdocs/haras/images tit_doadores.gif
2006.11.01 16:39 B j:\haras\images\tit_expositores.gif --> www.versite.com.br /httpdocs/haras/images tit_expositores.gif
2006.11.01 16:39 B j:\haras\images\tit_fale_conosco.gif --> www.versite.com.br /httpdocs/haras/images tit_fale_conosco.gif
2006.11.01 16:39 B j:\haras\images\tit_matrizes.gif --> www.versite.com.br /httpdocs/haras/images tit_matrizes.gif
2006.11.01 16:39 B j:\haras\images\tit_o_haras.gif --> www.versite.com.br /httpdocs/haras/images tit_o_haras.gif
2006.11.01 16:39 B j:\haras\images\tit_potroas.gif --> www.versite.com.br /httpdocs/haras/images tit_potroas.gif
2006.11.01 16:39 B j:\haras\images\tit_programa.gif --> www.versite.com.br /httpdocs/haras/images tit_programa.gif
2006.11.01 16:39 B j:\haras\images\tit_reprodutor.gif --> www.versite.com.br /httpdocs/haras/images tit_reprodutor.gif
2006.11.01 16:39 B j:\haras\images\versite.jpg --> www.versite.com.br /httpdocs/haras/images versite.jpg
2006.11.01 18:51 B J:\haras\images\tit_expositores.gif --> www.versite.com.br /httpdocs/haras/images tit_expositores.gif
2006.11.03 16:40 B j:\haras\images\bg_int.jpg --> www.versite.com.br /httpdocs/haras/images bg_int.jpg
2006.11.03 16:40 B j:\haras\images\linha_menu.gif --> www.versite.com.br /httpdocs/haras/images linha_menu.gif
2006.11.03 16:40 B j:\haras\images\tit_campolinasfamosos.gif --> www.versite.com.br /httpdocs/haras/images tit_campolinasfamosos.gif
2006.11.03 17:09 B j:\haras\images\tit_expositores.gif --> www.versite.com.br /httpdocs/haras/images tit_expositores.gif
2006.11.03 17:09 B j:\haras\images\tit_potroas.gif --> www.versite.com.br /httpdocs/haras/images tit_potroas.gif
2006.11.03 17:09 B j:\haras\images\tit_campolinasfamosos.gif --> www.versite.com.br /httpdocs/haras/images tit_campolinasfamosos.gif
2006.11.06 10:43 B j:\haras\images\foto_cavalocapa.jpg --> www.versite.com.br /httpdocs/haras/images foto_cavalocapa.jpg
2007.05.16 15:01 B s:\haras\images\05.jpg --> www.versite.com.br /httpdocs/haras/images/reprodutor 05.jpg
2007.05.16 17:02 B S:\haras\images\selo_abrecam.gif --> www.versite.com.br /httpdocs/haras/images selo_abrecam.gif
2007.05.17 12:17 B S:\haras\images\absoluto_capa.gif --> www.harasluanda.com.br /harasl/novo/images absoluto_capa.gif
2007.05.17 12:17 B S:\haras\images\bg.jpg --> www.harasluanda.com.br /harasl/novo/images bg.jpg
2007.05.17 12:17 B S:\haras\images\bg_cavalo.gif --> www.harasluanda.com.br /harasl/novo/images bg_cavalo.gif
2007.05.17 12:17 B S:\haras\images\bg_cavalos.gif --> www.harasluanda.com.br /harasl/novo/images bg_cavalos.gif
2007.05.17 12:17 B S:\haras\images\bg_cavalos.jpg --> www.harasluanda.com.br /harasl/novo/images bg_cavalos.jpg
2007.05.17 12:17 B S:\haras\images\bg_int.gif --> www.harasluanda.com.br /harasl/novo/images bg_int.gif
2007.05.17 12:17 B S:\haras\images\bg_int.jpg --> www.harasluanda.com.br /harasl/novo/images bg_int.jpg
2007.05.17 12:17 B S:\haras\images\cavalo.gif --> www.harasluanda.com.br /harasl/novo/images cavalo.gif
2007.05.17 12:17 B S:\haras\images\close.gif --> www.harasluanda.com.br /harasl/novo/images close.gif
2007.05.17 12:17 B S:\haras\images\comochegar.jpg --> www.harasluanda.com.br /harasl/novo/images comochegar.jpg
2007.05.17 12:17 B S:\haras\images\comochegar_gr.jpg --> www.harasluanda.com.br /harasl/novo/images comochegar_gr.jpg
2007.05.17 12:17 B S:\haras\images\foto_cavalocapa.jpg --> www.harasluanda.com.br /harasl/novo/images foto_cavalocapa.jpg
2007.05.17 12:17 B S:\haras\images\ft_capa1.jpg --> www.harasluanda.com.br /harasl/novo/images ft_capa1.jpg
2007.05.17 12:17 B S:\haras\images\ft_capa2.jpg --> www.harasluanda.com.br /harasl/novo/images ft_capa2.jpg
2007.05.17 12:17 B S:\haras\images\home_topo.gif --> www.harasluanda.com.br /harasl/novo/images home_topo.gif
2007.05.17 12:17 B S:\haras\images\infra_estrutura.gif --> www.harasluanda.com.br /harasl/novo/images infra_estrutura.gif
2007.05.17 12:17 B S:\haras\images\linha_ft.gif --> www.harasluanda.com.br /harasl/novo/images linha_ft.gif
2007.05.17 12:17 B S:\haras\images\linha_menu.gif --> www.harasluanda.com.br /harasl/novo/images linha_menu.gif
2007.05.17 12:17 B S:\haras\images\loading.gif --> www.harasluanda.com.br /harasl/novo/images loading.gif
2007.05.17 12:17 B S:\haras\images\novidades.jpg --> www.harasluanda.com.br /harasl/novo/images novidades.jpg
2007.05.17 12:17 B S:\haras\images\oharas.gif --> www.harasluanda.com.br /harasl/novo/images oharas.gif
2007.05.17 12:17 B S:\haras\images\overlay.png --> www.harasluanda.com.br /harasl/novo/images overlay.png
2007.05.17 12:17 B S:\haras\images\programa_seletivo.gif --> www.harasluanda.com.br /harasl/novo/images programa_seletivo.gif
2007.05.17 12:17 B S:\haras\images\programaseletivo.gif --> www.harasluanda.com.br /harasl/novo/images programaseletivo.gif
2007.05.17 12:17 B S:\haras\images\selo_abrecam.gif --> www.harasluanda.com.br /harasl/novo/images selo_abrecam.gif
2007.05.17 12:17 B S:\haras\images\shim.gif --> www.harasluanda.com.br /harasl/novo/images shim.gif
2007.05.17 12:18 B S:\haras\images\Thumbs.db --> www.harasluanda.com.br /harasl/novo/images Thumbs.db
2007.05.17 12:18 B S:\haras\images\tit_campolinasfamosos.gif --> www.harasluanda.com.br /harasl/novo/images tit_campolinasfamosos.gif
2007.05.17 12:18 B S:\haras\images\tit_como_chegar.gif --> www.harasluanda.com.br /harasl/novo/images tit_como_chegar.gif
2007.05.17 12:18 B S:\haras\images\tit_doadores.gif --> www.harasluanda.com.br /harasl/novo/images tit_doadores.gif
2007.05.17 12:18 B S:\haras\images\tit_expositores.gif --> www.harasluanda.com.br /harasl/novo/images tit_expositores.gif
2007.05.17 12:18 B S:\haras\images\tit_fale_conosco.gif --> www.harasluanda.com.br /harasl/novo/images tit_fale_conosco.gif
2007.05.17 12:18 B S:\haras\images\tit_matrizes.gif --> www.harasluanda.com.br /harasl/novo/images tit_matrizes.gif
2007.05.17 12:18 B S:\haras\images\tit_o_haras.gif --> www.harasluanda.com.br /harasl/novo/images tit_o_haras.gif
2007.05.17 12:18 B S:\haras\images\tit_potroas.gif --> www.harasluanda.com.br /harasl/novo/images tit_potroas.gif
2007.05.17 12:18 B S:\haras\images\tit_programa.gif --> www.harasluanda.com.br /harasl/novo/images tit_programa.gif
2007.05.17 12:18 B S:\haras\images\tit_reprodutor.gif --> www.harasluanda.com.br /harasl/novo/images tit_reprodutor.gif
2007.05.17 12:18 B S:\haras\images\versite.jpg --> www.harasluanda.com.br /harasl/novo/images versite.jpg
2007.05.17 12:18 B S:\haras\images\WS_FTP.LOG --> www.harasluanda.com.br /harasl/novo/images WS_FTP.LOG
