2006.10.30 18:23 B J:\haras\images\o_haras\01.jpg --> www.versite.com.br /httpdocs/haras/images/o_haras 01.jpg
2006.10.30 18:23 B J:\haras\images\o_haras\01_pq.jpg --> www.versite.com.br /httpdocs/haras/images/o_haras 01_pq.jpg
2006.10.30 18:23 B J:\haras\images\o_haras\02.jpg --> www.versite.com.br /httpdocs/haras/images/o_haras 02.jpg
2006.10.30 18:23 B J:\haras\images\o_haras\02_pq.jpg --> www.versite.com.br /httpdocs/haras/images/o_haras 02_pq.jpg
2006.10.30 18:23 B J:\haras\images\o_haras\03.jpg --> www.versite.com.br /httpdocs/haras/images/o_haras 03.jpg
2006.10.30 18:23 B J:\haras\images\o_haras\03_pq.jpg --> www.versite.com.br /httpdocs/haras/images/o_haras 03_pq.jpg
2006.10.30 18:23 B J:\haras\images\o_haras\04.jpg --> www.versite.com.br /httpdocs/haras/images/o_haras 04.jpg
2006.10.30 18:23 B J:\haras\images\o_haras\04_pq.jpg --> www.versite.com.br /httpdocs/haras/images/o_haras 04_pq.jpg
2006.10.30 18:23 B J:\haras\images\o_haras\05.jpg --> www.versite.com.br /httpdocs/haras/images/o_haras 05.jpg
2006.10.30 18:23 B J:\haras\images\o_haras\05_pq.jpg --> www.versite.com.br /httpdocs/haras/images/o_haras 05_pq.jpg
2006.10.30 18:23 B J:\haras\images\o_haras\06.jpg --> www.versite.com.br /httpdocs/haras/images/o_haras 06.jpg
2006.10.30 18:23 B J:\haras\images\o_haras\06_pq.jpg --> www.versite.com.br /httpdocs/haras/images/o_haras 06_pq.jpg
2006.10.30 18:24 B J:\haras\images\o_haras\07.jpg --> www.versite.com.br /httpdocs/haras/images/o_haras 07.jpg
2006.10.30 18:24 B J:\haras\images\o_haras\07_pq.jpg --> www.versite.com.br /httpdocs/haras/images/o_haras 07_pq.jpg
2006.10.30 18:24 B J:\haras\images\o_haras\08.jpg --> www.versite.com.br /httpdocs/haras/images/o_haras 08.jpg
2006.10.30 18:24 B J:\haras\images\o_haras\08_pq.jpg --> www.versite.com.br /httpdocs/haras/images/o_haras 08_pq.jpg
2006.10.30 18:24 B J:\haras\images\o_haras\09.jpg --> www.versite.com.br /httpdocs/haras/images/o_haras 09.jpg
2006.10.30 18:24 B J:\haras\images\o_haras\09_pq.jpg --> www.versite.com.br /httpdocs/haras/images/o_haras 09_pq.jpg
2006.10.30 18:24 B J:\haras\images\o_haras\Thumbs.db --> www.versite.com.br /httpdocs/haras/images/o_haras Thumbs.db
2006.11.01 16:37 B j:\haras\images\o_haras\WS_FTP.LOG --> www.versite.com.br /httpdocs/haras/images/o_haras WS_FTP.LOG
2007.05.17 12:15 B S:\haras\images\o_haras\01.jpg --> www.harasluanda.com.br /harasl/novo/images/o_haras 01.jpg
2007.05.17 12:15 B S:\haras\images\o_haras\01_pq.jpg --> www.harasluanda.com.br /harasl/novo/images/o_haras 01_pq.jpg
2007.05.17 12:15 B S:\haras\images\o_haras\02.jpg --> www.harasluanda.com.br /harasl/novo/images/o_haras 02.jpg
2007.05.17 12:15 B S:\haras\images\o_haras\02_pq.jpg --> www.harasluanda.com.br /harasl/novo/images/o_haras 02_pq.jpg
2007.05.17 12:15 B S:\haras\images\o_haras\03.jpg --> www.harasluanda.com.br /harasl/novo/images/o_haras 03.jpg
2007.05.17 12:15 B S:\haras\images\o_haras\03_pq.jpg --> www.harasluanda.com.br /harasl/novo/images/o_haras 03_pq.jpg
2007.05.17 12:15 B S:\haras\images\o_haras\04.jpg --> www.harasluanda.com.br /harasl/novo/images/o_haras 04.jpg
2007.05.17 12:15 B S:\haras\images\o_haras\04_pq.jpg --> www.harasluanda.com.br /harasl/novo/images/o_haras 04_pq.jpg
2007.05.17 12:15 B S:\haras\images\o_haras\05.jpg --> www.harasluanda.com.br /harasl/novo/images/o_haras 05.jpg
2007.05.17 12:15 B S:\haras\images\o_haras\05_pq.jpg --> www.harasluanda.com.br /harasl/novo/images/o_haras 05_pq.jpg
2007.05.17 12:15 B S:\haras\images\o_haras\06.jpg --> www.harasluanda.com.br /harasl/novo/images/o_haras 06.jpg
2007.05.17 12:15 B S:\haras\images\o_haras\06_pq.jpg --> www.harasluanda.com.br /harasl/novo/images/o_haras 06_pq.jpg
2007.05.17 12:15 B S:\haras\images\o_haras\07.jpg --> www.harasluanda.com.br /harasl/novo/images/o_haras 07.jpg
2007.05.17 12:15 B S:\haras\images\o_haras\07_pq.jpg --> www.harasluanda.com.br /harasl/novo/images/o_haras 07_pq.jpg
2007.05.17 12:15 B S:\haras\images\o_haras\08.jpg --> www.harasluanda.com.br /harasl/novo/images/o_haras 08.jpg
2007.05.17 12:15 B S:\haras\images\o_haras\08_pq.jpg --> www.harasluanda.com.br /harasl/novo/images/o_haras 08_pq.jpg
2007.05.17 12:15 B S:\haras\images\o_haras\09.jpg --> www.harasluanda.com.br /harasl/novo/images/o_haras 09.jpg
2007.05.17 12:15 B S:\haras\images\o_haras\09_pq.jpg --> www.harasluanda.com.br /harasl/novo/images/o_haras 09_pq.jpg
2007.05.17 12:15 B S:\haras\images\o_haras\Thumbs.db --> www.harasluanda.com.br /harasl/novo/images/o_haras Thumbs.db
2007.05.17 12:15 B S:\haras\images\o_haras\WS_FTP.LOG --> www.harasluanda.com.br /harasl/novo/images/o_haras WS_FTP.LOG
