2006.10.30 18:24 B J:\haras\images\reprodutor\01.jpg --> www.versite.com.br /httpdocs/haras/images/reprodutor 01.jpg
2006.10.30 18:24 B J:\haras\images\reprodutor\01_pq.jpg --> www.versite.com.br /httpdocs/haras/images/reprodutor 01_pq.jpg
2006.10.30 18:24 B J:\haras\images\reprodutor\02.jpg --> www.versite.com.br /httpdocs/haras/images/reprodutor 02.jpg
2006.10.30 18:24 B J:\haras\images\reprodutor\02_pq.jpg --> www.versite.com.br /httpdocs/haras/images/reprodutor 02_pq.jpg
2006.11.01 16:37 B j:\haras\images\reprodutor\WS_FTP.LOG --> www.versite.com.br /httpdocs/haras/images/reprodutor WS_FTP.LOG
2007.05.16 15:01 B s:\haras\images\reprodutor\07_pq.jpg --> www.versite.com.br /httpdocs/haras/images/reprodutor 07_pq.jpg
2007.05.16 15:01 B s:\haras\images\reprodutor\07.jpg --> www.versite.com.br /httpdocs/haras/images/reprodutor 07.jpg
2007.05.16 15:01 B s:\haras\images\reprodutor\06_pq.jpg --> www.versite.com.br /httpdocs/haras/images/reprodutor 06_pq.jpg
2007.05.16 15:01 B s:\haras\images\reprodutor\06.jpg --> www.versite.com.br /httpdocs/haras/images/reprodutor 06.jpg
2007.05.16 15:01 B s:\haras\images\reprodutor\05_pq.jpg --> www.versite.com.br /httpdocs/haras/images/reprodutor 05_pq.jpg
2007.05.16 15:10 B S:\haras\images\reprodutor\WS_FTP.LOG --> www.versite.com.br /httpdocs/haras/images/reprodutor WS_FTP.LOG
2007.05.16 15:10 B S:\haras\images\reprodutor\04_pq.jpg --> www.versite.com.br /httpdocs/haras/images/reprodutor 04_pq.jpg
2007.05.16 15:10 B S:\haras\images\reprodutor\04.jpg --> www.versite.com.br /httpdocs/haras/images/reprodutor 04.jpg
2007.05.16 15:10 B S:\haras\images\reprodutor\03_pq.jpg --> www.versite.com.br /httpdocs/haras/images/reprodutor 03_pq.jpg
2007.05.16 15:10 B S:\haras\images\reprodutor\03.jpg --> www.versite.com.br /httpdocs/haras/images/reprodutor 03.jpg
2007.05.16 15:10 B S:\haras\images\reprodutor\Thumbs.db --> www.versite.com.br /httpdocs/haras/images/reprodutor Thumbs.db
2007.05.17 12:16 B S:\haras\images\reprodutor\01.jpg --> www.harasluanda.com.br /harasl/novo/images/reprodutor 01.jpg
2007.05.17 12:16 B S:\haras\images\reprodutor\01_pq.jpg --> www.harasluanda.com.br /harasl/novo/images/reprodutor 01_pq.jpg
2007.05.17 12:17 B S:\haras\images\reprodutor\02.jpg --> www.harasluanda.com.br /harasl/novo/images/reprodutor 02.jpg
2007.05.17 12:17 B S:\haras\images\reprodutor\02_pq.jpg --> www.harasluanda.com.br /harasl/novo/images/reprodutor 02_pq.jpg
2007.05.17 12:17 B S:\haras\images\reprodutor\03.jpg --> www.harasluanda.com.br /harasl/novo/images/reprodutor 03.jpg
2007.05.17 12:17 B S:\haras\images\reprodutor\03_pq.jpg --> www.harasluanda.com.br /harasl/novo/images/reprodutor 03_pq.jpg
2007.05.17 12:17 B S:\haras\images\reprodutor\04.jpg --> www.harasluanda.com.br /harasl/novo/images/reprodutor 04.jpg
2007.05.17 12:17 B S:\haras\images\reprodutor\04_pq.jpg --> www.harasluanda.com.br /harasl/novo/images/reprodutor 04_pq.jpg
2007.05.17 12:17 B S:\haras\images\reprodutor\05.jpg --> www.harasluanda.com.br /harasl/novo/images/reprodutor 05.jpg
2007.05.17 12:17 B S:\haras\images\reprodutor\05_pq.jpg --> www.harasluanda.com.br /harasl/novo/images/reprodutor 05_pq.jpg
2007.05.17 12:17 B S:\haras\images\reprodutor\06.jpg --> www.harasluanda.com.br /harasl/novo/images/reprodutor 06.jpg
2007.05.17 12:17 B S:\haras\images\reprodutor\06_pq.jpg --> www.harasluanda.com.br /harasl/novo/images/reprodutor 06_pq.jpg
2007.05.17 12:17 B S:\haras\images\reprodutor\07.jpg --> www.harasluanda.com.br /harasl/novo/images/reprodutor 07.jpg
2007.05.17 12:17 B S:\haras\images\reprodutor\07_pq.jpg --> www.harasluanda.com.br /harasl/novo/images/reprodutor 07_pq.jpg
2007.05.17 12:17 B S:\haras\images\reprodutor\Thumbs.db --> www.harasluanda.com.br /harasl/novo/images/reprodutor Thumbs.db
2007.05.17 12:17 B S:\haras\images\reprodutor\WS_FTP.LOG --> www.harasluanda.com.br /harasl/novo/images/reprodutor WS_FTP.LOG
2007.05.24 16:08 B s:\haras\images\reprodutor\06.jpg --> www.harasluanda.com.br /harasl/images/matrizes 06.jpg
2007.05.26 16:04 B s:\haras\images\reprodutor\08_pq.jpg --> www.harasluanda.com.br /harasl/images/reprodutor 08_pq.jpg
2007.05.26 16:04 B s:\haras\images\reprodutor\08.jpg --> www.harasluanda.com.br /harasl/images/reprodutor 08.jpg
