2006.11.01 16:36 B j:\haras\images\doadores\01.jpg --> www.versite.com.br /httpdocs/haras/images/doadores 01.jpg
2006.11.01 16:36 B j:\haras\images\doadores\01_pq.jpg --> www.versite.com.br /httpdocs/haras/images/doadores 01_pq.jpg
2006.11.01 16:36 B j:\haras\images\doadores\02.jpg --> www.versite.com.br /httpdocs/haras/images/doadores 02.jpg
2006.11.01 16:36 B j:\haras\images\doadores\02_pq.jpg --> www.versite.com.br /httpdocs/haras/images/doadores 02_pq.jpg
2006.11.01 16:36 B j:\haras\images\doadores\03.jpg --> www.versite.com.br /httpdocs/haras/images/doadores 03.jpg
2006.11.01 16:36 B j:\haras\images\doadores\03_pq.jpg --> www.versite.com.br /httpdocs/haras/images/doadores 03_pq.jpg
2006.11.01 16:36 B j:\haras\images\doadores\04.jpg --> www.versite.com.br /httpdocs/haras/images/doadores 04.jpg
2006.11.01 16:36 B j:\haras\images\doadores\04_pq.jpg --> www.versite.com.br /httpdocs/haras/images/doadores 04_pq.jpg
2006.11.01 16:36 B j:\haras\images\doadores\05.jpg --> www.versite.com.br /httpdocs/haras/images/doadores 05.jpg
2006.11.01 16:36 B j:\haras\images\doadores\05_pq.jpg --> www.versite.com.br /httpdocs/haras/images/doadores 05_pq.jpg
2006.11.06 10:49 B j:\haras\images\doadores\01.jpg --> www.versite.com.br /httpdocs/haras/images/doadores 01.jpg
2007.05.17 12:14 B S:\haras\images\doadores\01.jpg --> www.harasluanda.com.br /harasl/novo/images/doadores 01.jpg
2007.05.17 12:14 B S:\haras\images\doadores\01_pq.jpg --> www.harasluanda.com.br /harasl/novo/images/doadores 01_pq.jpg
2007.05.17 12:14 B S:\haras\images\doadores\02.jpg --> www.harasluanda.com.br /harasl/novo/images/doadores 02.jpg
2007.05.17 12:14 B S:\haras\images\doadores\02_pq.jpg --> www.harasluanda.com.br /harasl/novo/images/doadores 02_pq.jpg
2007.05.17 12:14 B S:\haras\images\doadores\03.jpg --> www.harasluanda.com.br /harasl/novo/images/doadores 03.jpg
2007.05.17 12:14 B S:\haras\images\doadores\03_pq.jpg --> www.harasluanda.com.br /harasl/novo/images/doadores 03_pq.jpg
2007.05.17 12:14 B S:\haras\images\doadores\04.jpg --> www.harasluanda.com.br /harasl/novo/images/doadores 04.jpg
2007.05.17 12:14 B S:\haras\images\doadores\04_pq.jpg --> www.harasluanda.com.br /harasl/novo/images/doadores 04_pq.jpg
2007.05.17 12:14 B S:\haras\images\doadores\05.jpg --> www.harasluanda.com.br /harasl/novo/images/doadores 05.jpg
2007.05.17 12:14 B S:\haras\images\doadores\05_pq.jpg --> www.harasluanda.com.br /harasl/novo/images/doadores 05_pq.jpg
2007.05.17 12:14 B S:\haras\images\doadores\Thumbs.db --> www.harasluanda.com.br /harasl/novo/images/doadores Thumbs.db
2007.05.17 12:14 B S:\haras\images\doadores\WS_FTP.LOG --> www.harasluanda.com.br /harasl/novo/images/doadores WS_FTP.LOG
