2006.10.30 18:23 B J:\haras\images\matrizes\01.jpg --> www.versite.com.br /httpdocs/haras/images/matrizes 01.jpg
2006.10.30 18:23 B J:\haras\images\matrizes\01_pq.jpg --> www.versite.com.br /httpdocs/haras/images/matrizes 01_pq.jpg
2006.10.30 18:23 B J:\haras\images\matrizes\02.jpg --> www.versite.com.br /httpdocs/haras/images/matrizes 02.jpg
2006.10.30 18:23 B J:\haras\images\matrizes\02_pq.jpg --> www.versite.com.br /httpdocs/haras/images/matrizes 02_pq.jpg
2006.10.30 18:23 B J:\haras\images\matrizes\03.jpg --> www.versite.com.br /httpdocs/haras/images/matrizes 03.jpg
2006.10.30 18:23 B J:\haras\images\matrizes\03_pq.jpg --> www.versite.com.br /httpdocs/haras/images/matrizes 03_pq.jpg
2006.11.01 16:36 B j:\haras\images\matrizes\03.jpg --> www.versite.com.br /httpdocs/haras/images/matrizes 03.jpg
2006.11.01 16:36 B j:\haras\images\matrizes\WS_FTP.LOG --> www.versite.com.br /httpdocs/haras/images/matrizes WS_FTP.LOG
2007.05.16 15:02 B s:\haras\images\matrizes\04_pq.jpg --> www.versite.com.br /httpdocs/haras/images/matrizes 04_pq.jpg
2007.05.16 15:03 B S:\haras\images\matrizes\04_pq.jpg --> www.versite.com.br /httpdocs/haras/images/matrizes 04_pq.jpg
2007.05.16 15:04 B S:\haras\images\matrizes\04.jpg --> www.versite.com.br /httpdocs/haras/images/matrizes 04.jpg
2007.05.17 12:14 B S:\haras\images\matrizes\01.jpg --> www.harasluanda.com.br /harasl/novo/images/matrizes 01.jpg
2007.05.17 12:14 B S:\haras\images\matrizes\01_pq.jpg --> www.harasluanda.com.br /harasl/novo/images/matrizes 01_pq.jpg
2007.05.17 12:14 B S:\haras\images\matrizes\02.jpg --> www.harasluanda.com.br /harasl/novo/images/matrizes 02.jpg
2007.05.17 12:14 B S:\haras\images\matrizes\02_pq.jpg --> www.harasluanda.com.br /harasl/novo/images/matrizes 02_pq.jpg
2007.05.17 12:15 B S:\haras\images\matrizes\03.jpg --> www.harasluanda.com.br /harasl/novo/images/matrizes 03.jpg
2007.05.17 12:15 B S:\haras\images\matrizes\03_pq.jpg --> www.harasluanda.com.br /harasl/novo/images/matrizes 03_pq.jpg
2007.05.17 12:15 B S:\haras\images\matrizes\04.jpg --> www.harasluanda.com.br /harasl/novo/images/matrizes 04.jpg
2007.05.17 12:15 B S:\haras\images\matrizes\04_pq.jpg --> www.harasluanda.com.br /harasl/novo/images/matrizes 04_pq.jpg
2007.05.17 12:15 B S:\haras\images\matrizes\Thumbs.db --> www.harasluanda.com.br /harasl/novo/images/matrizes Thumbs.db
2007.05.17 12:15 B S:\haras\images\matrizes\WS_FTP.LOG --> www.harasluanda.com.br /harasl/novo/images/matrizes WS_FTP.LOG
2007.05.24 16:11 B s:\haras\images\matrizes\06.jpg --> www.harasluanda.com.br /harasl/images/matrizes 06.jpg
2007.05.24 16:11 B s:\haras\images\matrizes\05.jpg --> www.harasluanda.com.br /harasl/images/matrizes 05.jpg
