2006.11.03 16:41 B j:\haras\images\campolinas_famosos\28_pq.jpg --> www.versite.com.br /httpdocs/haras/images/campolinas_famosos 28_pq.jpg
2006.11.03 16:41 B j:\haras\images\campolinas_famosos\28.jpg --> www.versite.com.br /httpdocs/haras/images/campolinas_famosos 28.jpg
2006.11.03 16:41 B j:\haras\images\campolinas_famosos\27_pq.jpg --> www.versite.com.br /httpdocs/haras/images/campolinas_famosos 27_pq.jpg
2006.11.03 16:41 B j:\haras\images\campolinas_famosos\27.jpg --> www.versite.com.br /httpdocs/haras/images/campolinas_famosos 27.jpg
2006.11.03 16:41 B j:\haras\images\campolinas_famosos\26_pq.jpg --> www.versite.com.br /httpdocs/haras/images/campolinas_famosos 26_pq.jpg
2006.11.03 16:42 B j:\haras\images\campolinas_famosos\26.jpg --> www.versite.com.br /httpdocs/haras/images/campolinas_famosos 26.jpg
2006.11.03 16:42 B j:\haras\images\campolinas_famosos\25_pq.jpg --> www.versite.com.br /httpdocs/haras/images/campolinas_famosos 25_pq.jpg
2006.11.03 16:42 B j:\haras\images\campolinas_famosos\25.jpg --> www.versite.com.br /httpdocs/haras/images/campolinas_famosos 25.jpg
2006.11.03 16:42 B j:\haras\images\campolinas_famosos\24_pq.jpg --> www.versite.com.br /httpdocs/haras/images/campolinas_famosos 24_pq.jpg
2006.11.03 16:42 B j:\haras\images\campolinas_famosos\24.jpg --> www.versite.com.br /httpdocs/haras/images/campolinas_famosos 24.jpg
2006.11.03 16:42 B j:\haras\images\campolinas_famosos\23_pq.jpg --> www.versite.com.br /httpdocs/haras/images/campolinas_famosos 23_pq.jpg
2006.11.03 16:42 B j:\haras\images\campolinas_famosos\23.jpg --> www.versite.com.br /httpdocs/haras/images/campolinas_famosos 23.jpg
2006.11.03 16:42 B j:\haras\images\campolinas_famosos\22_pq.jpg --> www.versite.com.br /httpdocs/haras/images/campolinas_famosos 22_pq.jpg
2006.11.03 16:43 B j:\haras\images\campolinas_famosos\22.jpg --> www.versite.com.br /httpdocs/haras/images/campolinas_famosos 22.jpg
2006.11.03 16:43 B j:\haras\images\campolinas_famosos\21_pq.jpg --> www.versite.com.br /httpdocs/haras/images/campolinas_famosos 21_pq.jpg
2006.11.03 16:43 B j:\haras\images\campolinas_famosos\21.jpg --> www.versite.com.br /httpdocs/haras/images/campolinas_famosos 21.jpg
2006.11.03 16:43 B j:\haras\images\campolinas_famosos\20_pq.jpg --> www.versite.com.br /httpdocs/haras/images/campolinas_famosos 20_pq.jpg
2006.11.03 16:43 B j:\haras\images\campolinas_famosos\20.jpg --> www.versite.com.br /httpdocs/haras/images/campolinas_famosos 20.jpg
2006.11.03 16:43 B j:\haras\images\campolinas_famosos\19_pq.jpg --> www.versite.com.br /httpdocs/haras/images/campolinas_famosos 19_pq.jpg
2006.11.03 16:43 B j:\haras\images\campolinas_famosos\19.jpg --> www.versite.com.br /httpdocs/haras/images/campolinas_famosos 19.jpg
2006.11.03 16:43 B j:\haras\images\campolinas_famosos\18_pq.jpg --> www.versite.com.br /httpdocs/haras/images/campolinas_famosos 18_pq.jpg
2006.11.03 16:43 B j:\haras\images\campolinas_famosos\18.jpg --> www.versite.com.br /httpdocs/haras/images/campolinas_famosos 18.jpg
2006.11.03 16:43 B j:\haras\images\campolinas_famosos\17_pq.jpg --> www.versite.com.br /httpdocs/haras/images/campolinas_famosos 17_pq.jpg
2006.11.03 16:44 B j:\haras\images\campolinas_famosos\17.jpg --> www.versite.com.br /httpdocs/haras/images/campolinas_famosos 17.jpg
2006.11.03 16:44 B j:\haras\images\campolinas_famosos\16_pq.jpg --> www.versite.com.br /httpdocs/haras/images/campolinas_famosos 16_pq.jpg
2006.11.03 16:44 B j:\haras\images\campolinas_famosos\16.jpg --> www.versite.com.br /httpdocs/haras/images/campolinas_famosos 16.jpg
2006.11.03 16:44 B j:\haras\images\campolinas_famosos\15_pq.jpg --> www.versite.com.br /httpdocs/haras/images/campolinas_famosos 15_pq.jpg
2006.11.03 16:44 B j:\haras\images\campolinas_famosos\15.jpg --> www.versite.com.br /httpdocs/haras/images/campolinas_famosos 15.jpg
2006.11.03 16:44 B j:\haras\images\campolinas_famosos\14_pq.jpg --> www.versite.com.br /httpdocs/haras/images/campolinas_famosos 14_pq.jpg
2006.11.03 16:44 B j:\haras\images\campolinas_famosos\14.jpg --> www.versite.com.br /httpdocs/haras/images/campolinas_famosos 14.jpg
2006.11.03 16:44 B j:\haras\images\campolinas_famosos\13_pq.jpg --> www.versite.com.br /httpdocs/haras/images/campolinas_famosos 13_pq.jpg
2006.11.03 16:44 B j:\haras\images\campolinas_famosos\13.jpg --> www.versite.com.br /httpdocs/haras/images/campolinas_famosos 13.jpg
2006.11.03 16:44 B j:\haras\images\campolinas_famosos\12_pq.jpg --> www.versite.com.br /httpdocs/haras/images/campolinas_famosos 12_pq.jpg
2006.11.03 16:44 B j:\haras\images\campolinas_famosos\12.jpg --> www.versite.com.br /httpdocs/haras/images/campolinas_famosos 12.jpg
2006.11.03 16:45 B j:\haras\images\campolinas_famosos\11_pq.jpg --> www.versite.com.br /httpdocs/haras/images/campolinas_famosos 11_pq.jpg
2006.11.03 16:45 B j:\haras\images\campolinas_famosos\11.jpg --> www.versite.com.br /httpdocs/haras/images/campolinas_famosos 11.jpg
2006.11.03 16:45 B j:\haras\images\campolinas_famosos\10_pq.jpg --> www.versite.com.br /httpdocs/haras/images/campolinas_famosos 10_pq.jpg
2006.11.03 16:45 B j:\haras\images\campolinas_famosos\10.jpg --> www.versite.com.br /httpdocs/haras/images/campolinas_famosos 10.jpg
2006.11.03 16:45 B j:\haras\images\campolinas_famosos\09_pq.jpg --> www.versite.com.br /httpdocs/haras/images/campolinas_famosos 09_pq.jpg
2006.11.03 16:45 B j:\haras\images\campolinas_famosos\09.jpg --> www.versite.com.br /httpdocs/haras/images/campolinas_famosos 09.jpg
2006.11.03 16:45 B j:\haras\images\campolinas_famosos\08_pq.jpg --> www.versite.com.br /httpdocs/haras/images/campolinas_famosos 08_pq.jpg
2006.11.03 16:45 B j:\haras\images\campolinas_famosos\08.jpg --> www.versite.com.br /httpdocs/haras/images/campolinas_famosos 08.jpg
2006.11.03 16:45 B j:\haras\images\campolinas_famosos\07_pq.jpg --> www.versite.com.br /httpdocs/haras/images/campolinas_famosos 07_pq.jpg
2006.11.03 16:46 B j:\haras\images\campolinas_famosos\07.jpg --> www.versite.com.br /httpdocs/haras/images/campolinas_famosos 07.jpg
2006.11.03 16:46 B j:\haras\images\campolinas_famosos\06.jpg --> www.versite.com.br /httpdocs/haras/images/campolinas_famosos 06.jpg
2006.11.03 16:46 B j:\haras\images\campolinas_famosos\06_pq.jpg --> www.versite.com.br /httpdocs/haras/images/campolinas_famosos 06_pq.jpg
2006.11.03 16:46 B j:\haras\images\campolinas_famosos\05_pq.jpg --> www.versite.com.br /httpdocs/haras/images/campolinas_famosos 05_pq.jpg
2006.11.03 16:46 B j:\haras\images\campolinas_famosos\05.jpg --> www.versite.com.br /httpdocs/haras/images/campolinas_famosos 05.jpg
2006.11.03 16:46 B j:\haras\images\campolinas_famosos\04_pq.jpg --> www.versite.com.br /httpdocs/haras/images/campolinas_famosos 04_pq.jpg
2006.11.03 16:46 B j:\haras\images\campolinas_famosos\04.jpg --> www.versite.com.br /httpdocs/haras/images/campolinas_famosos 04.jpg
2006.11.03 16:46 B j:\haras\images\campolinas_famosos\03_pq.jpg --> www.versite.com.br /httpdocs/haras/images/campolinas_famosos 03_pq.jpg
2006.11.03 16:46 B j:\haras\images\campolinas_famosos\03.jpg --> www.versite.com.br /httpdocs/haras/images/campolinas_famosos 03.jpg
2006.11.03 16:46 B j:\haras\images\campolinas_famosos\02_pq.jpg --> www.versite.com.br /httpdocs/haras/images/campolinas_famosos 02_pq.jpg
2006.11.03 16:47 B j:\haras\images\campolinas_famosos\02.jpg --> www.versite.com.br /httpdocs/haras/images/campolinas_famosos 02.jpg
2006.11.03 16:47 B j:\haras\images\campolinas_famosos\01.jpg --> www.versite.com.br /httpdocs/haras/images/campolinas_famosos 01.jpg
2006.11.03 16:47 B j:\haras\images\campolinas_famosos\01_pq.jpg --> www.versite.com.br /httpdocs/haras/images/campolinas_famosos 01_pq.jpg
2007.05.17 12:10 B S:\haras\images\campolinas_famosos\01.jpg --> www.harasluanda.com.br /harasl/novo/images/campolinas_famosos 01.jpg
2007.05.17 12:10 B S:\haras\images\campolinas_famosos\01_pq.jpg --> www.harasluanda.com.br /harasl/novo/images/campolinas_famosos 01_pq.jpg
2007.05.17 12:10 B S:\haras\images\campolinas_famosos\02.jpg --> www.harasluanda.com.br /harasl/novo/images/campolinas_famosos 02.jpg
2007.05.17 12:10 B S:\haras\images\campolinas_famosos\02_pq.jpg --> www.harasluanda.com.br /harasl/novo/images/campolinas_famosos 02_pq.jpg
2007.05.17 12:10 B S:\haras\images\campolinas_famosos\03.jpg --> www.harasluanda.com.br /harasl/novo/images/campolinas_famosos 03.jpg
2007.05.17 12:10 B S:\haras\images\campolinas_famosos\03_pq.jpg --> www.harasluanda.com.br /harasl/novo/images/campolinas_famosos 03_pq.jpg
2007.05.17 12:10 B S:\haras\images\campolinas_famosos\04.jpg --> www.harasluanda.com.br /harasl/novo/images/campolinas_famosos 04.jpg
2007.05.17 12:10 B S:\haras\images\campolinas_famosos\04_pq.jpg --> www.harasluanda.com.br /harasl/novo/images/campolinas_famosos 04_pq.jpg
2007.05.17 12:10 B S:\haras\images\campolinas_famosos\05.jpg --> www.harasluanda.com.br /harasl/novo/images/campolinas_famosos 05.jpg
2007.05.17 12:10 B S:\haras\images\campolinas_famosos\05_pq.jpg --> www.harasluanda.com.br /harasl/novo/images/campolinas_famosos 05_pq.jpg
2007.05.17 12:10 B S:\haras\images\campolinas_famosos\06.jpg --> www.harasluanda.com.br /harasl/novo/images/campolinas_famosos 06.jpg
2007.05.17 12:10 B S:\haras\images\campolinas_famosos\06_pq.jpg --> www.harasluanda.com.br /harasl/novo/images/campolinas_famosos 06_pq.jpg
2007.05.17 12:11 B S:\haras\images\campolinas_famosos\07.jpg --> www.harasluanda.com.br /harasl/novo/images/campolinas_famosos 07.jpg
2007.05.17 12:11 B S:\haras\images\campolinas_famosos\07_pq.jpg --> www.harasluanda.com.br /harasl/novo/images/campolinas_famosos 07_pq.jpg
2007.05.17 12:11 B S:\haras\images\campolinas_famosos\08.jpg --> www.harasluanda.com.br /harasl/novo/images/campolinas_famosos 08.jpg
2007.05.17 12:11 B S:\haras\images\campolinas_famosos\08_pq.jpg --> www.harasluanda.com.br /harasl/novo/images/campolinas_famosos 08_pq.jpg
2007.05.17 12:11 B S:\haras\images\campolinas_famosos\09.jpg --> www.harasluanda.com.br /harasl/novo/images/campolinas_famosos 09.jpg
2007.05.17 12:11 B S:\haras\images\campolinas_famosos\09_pq.jpg --> www.harasluanda.com.br /harasl/novo/images/campolinas_famosos 09_pq.jpg
2007.05.17 12:11 B S:\haras\images\campolinas_famosos\10.jpg --> www.harasluanda.com.br /harasl/novo/images/campolinas_famosos 10.jpg
2007.05.17 12:11 B S:\haras\images\campolinas_famosos\10_pq.jpg --> www.harasluanda.com.br /harasl/novo/images/campolinas_famosos 10_pq.jpg
2007.05.17 12:11 B S:\haras\images\campolinas_famosos\11.jpg --> www.harasluanda.com.br /harasl/novo/images/campolinas_famosos 11.jpg
2007.05.17 12:11 B S:\haras\images\campolinas_famosos\11_pq.jpg --> www.harasluanda.com.br /harasl/novo/images/campolinas_famosos 11_pq.jpg
2007.05.17 12:11 B S:\haras\images\campolinas_famosos\12.jpg --> www.harasluanda.com.br /harasl/novo/images/campolinas_famosos 12.jpg
2007.05.17 12:11 B S:\haras\images\campolinas_famosos\12_pq.jpg --> www.harasluanda.com.br /harasl/novo/images/campolinas_famosos 12_pq.jpg
2007.05.17 12:11 B S:\haras\images\campolinas_famosos\13.jpg --> www.harasluanda.com.br /harasl/novo/images/campolinas_famosos 13.jpg
2007.05.17 12:11 B S:\haras\images\campolinas_famosos\13_pq.jpg --> www.harasluanda.com.br /harasl/novo/images/campolinas_famosos 13_pq.jpg
2007.05.17 12:11 B S:\haras\images\campolinas_famosos\14.jpg --> www.harasluanda.com.br /harasl/novo/images/campolinas_famosos 14.jpg
2007.05.17 12:11 B S:\haras\images\campolinas_famosos\14_pq.jpg --> www.harasluanda.com.br /harasl/novo/images/campolinas_famosos 14_pq.jpg
2007.05.17 12:11 B S:\haras\images\campolinas_famosos\15.jpg --> www.harasluanda.com.br /harasl/novo/images/campolinas_famosos 15.jpg
2007.05.17 12:11 B S:\haras\images\campolinas_famosos\15_pq.jpg --> www.harasluanda.com.br /harasl/novo/images/campolinas_famosos 15_pq.jpg
2007.05.17 12:12 B S:\haras\images\campolinas_famosos\16.jpg --> www.harasluanda.com.br /harasl/novo/images/campolinas_famosos 16.jpg
2007.05.17 12:12 B S:\haras\images\campolinas_famosos\16_pq.jpg --> www.harasluanda.com.br /harasl/novo/images/campolinas_famosos 16_pq.jpg
2007.05.17 12:12 B S:\haras\images\campolinas_famosos\17.jpg --> www.harasluanda.com.br /harasl/novo/images/campolinas_famosos 17.jpg
2007.05.17 12:12 B S:\haras\images\campolinas_famosos\17_pq.jpg --> www.harasluanda.com.br /harasl/novo/images/campolinas_famosos 17_pq.jpg
2007.05.17 12:12 B S:\haras\images\campolinas_famosos\18.jpg --> www.harasluanda.com.br /harasl/novo/images/campolinas_famosos 18.jpg
2007.05.17 12:12 B S:\haras\images\campolinas_famosos\18_pq.jpg --> www.harasluanda.com.br /harasl/novo/images/campolinas_famosos 18_pq.jpg
2007.05.17 12:12 B S:\haras\images\campolinas_famosos\19.jpg --> www.harasluanda.com.br /harasl/novo/images/campolinas_famosos 19.jpg
2007.05.17 12:12 B S:\haras\images\campolinas_famosos\19_pq.jpg --> www.harasluanda.com.br /harasl/novo/images/campolinas_famosos 19_pq.jpg
2007.05.17 12:12 B S:\haras\images\campolinas_famosos\20.jpg --> www.harasluanda.com.br /harasl/novo/images/campolinas_famosos 20.jpg
2007.05.17 12:12 B S:\haras\images\campolinas_famosos\20_pq.jpg --> www.harasluanda.com.br /harasl/novo/images/campolinas_famosos 20_pq.jpg
2007.05.17 12:12 B S:\haras\images\campolinas_famosos\21.jpg --> www.harasluanda.com.br /harasl/novo/images/campolinas_famosos 21.jpg
2007.05.17 12:12 B S:\haras\images\campolinas_famosos\21_pq.jpg --> www.harasluanda.com.br /harasl/novo/images/campolinas_famosos 21_pq.jpg
2007.05.17 12:12 B S:\haras\images\campolinas_famosos\22.jpg --> www.harasluanda.com.br /harasl/novo/images/campolinas_famosos 22.jpg
2007.05.17 12:12 B S:\haras\images\campolinas_famosos\22_pq.jpg --> www.harasluanda.com.br /harasl/novo/images/campolinas_famosos 22_pq.jpg
2007.05.17 12:12 B S:\haras\images\campolinas_famosos\23.jpg --> www.harasluanda.com.br /harasl/novo/images/campolinas_famosos 23.jpg
2007.05.17 12:13 B S:\haras\images\campolinas_famosos\23_pq.jpg --> www.harasluanda.com.br /harasl/novo/images/campolinas_famosos 23_pq.jpg
2007.05.17 12:13 B S:\haras\images\campolinas_famosos\24.jpg --> www.harasluanda.com.br /harasl/novo/images/campolinas_famosos 24.jpg
2007.05.17 12:13 B S:\haras\images\campolinas_famosos\24_pq.jpg --> www.harasluanda.com.br /harasl/novo/images/campolinas_famosos 24_pq.jpg
2007.05.17 12:13 B S:\haras\images\campolinas_famosos\25.jpg --> www.harasluanda.com.br /harasl/novo/images/campolinas_famosos 25.jpg
2007.05.17 12:13 B S:\haras\images\campolinas_famosos\25_pq.jpg --> www.harasluanda.com.br /harasl/novo/images/campolinas_famosos 25_pq.jpg
2007.05.17 12:13 B S:\haras\images\campolinas_famosos\26.jpg --> www.harasluanda.com.br /harasl/novo/images/campolinas_famosos 26.jpg
2007.05.17 12:13 B S:\haras\images\campolinas_famosos\26_pq.jpg --> www.harasluanda.com.br /harasl/novo/images/campolinas_famosos 26_pq.jpg
2007.05.17 12:13 B S:\haras\images\campolinas_famosos\27.jpg --> www.harasluanda.com.br /harasl/novo/images/campolinas_famosos 27.jpg
2007.05.17 12:13 B S:\haras\images\campolinas_famosos\27_pq.jpg --> www.harasluanda.com.br /harasl/novo/images/campolinas_famosos 27_pq.jpg
2007.05.17 12:13 B S:\haras\images\campolinas_famosos\28.jpg --> www.harasluanda.com.br /harasl/novo/images/campolinas_famosos 28.jpg
2007.05.17 12:13 B S:\haras\images\campolinas_famosos\28_pq.jpg --> www.harasluanda.com.br /harasl/novo/images/campolinas_famosos 28_pq.jpg
2007.05.17 12:13 B S:\haras\images\campolinas_famosos\Thumbs.db --> www.harasluanda.com.br /harasl/novo/images/campolinas_famosos Thumbs.db
2007.05.17 12:13 B S:\haras\images\campolinas_famosos\WS_FTP.LOG --> www.harasluanda.com.br /harasl/novo/images/campolinas_famosos WS_FTP.LOG
